"C:\Program Files\JetBrains\CLion 2021.3.3\bin\cmake\win\bin\cmake.exe" -DCMAKE_BUILD_TYPE=Debug "-DCMAKE_MAKE_PROGRAM=C:/Program Files/JetBrains/CLion 2021.3.3/bin/ninja/win/ninja.exe" "-DCMAKE_C_COMPILER=C:/Program Files/STMicroelectronics/STM32Cube/GNU-Tools-ARM-Embeded/bin/arm-none-eabi-gcc.exe" "-DCMAKE_CXX_COMPILER=C:/Program Files/STMicroelectronics/STM32Cube/GNU-Tools-ARM-Embeded/bin/arm-none-eabi-g++.exe" -G Ninja C:\Users\LiangGuang\Downloads\PCAP04-main\PCAP04-main\PlatformIO\PCAP04
-- The C compiler identification is GNU 10.3.1
-- The CXX compiler identification is GNU 10.3.1
-- Detecting C compiler ABI info
-- Detecting C compiler ABI info - failed
-- Check for working C compiler: C:/Program Files/STMicroelectronics/STM32Cube/GNU-Tools-ARM-Embeded/bin/arm-none-eabi-gcc.exe
-- Check for working C compiler: C:/Program Files/STMicroelectronics/STM32Cube/GNU-Tools-ARM-Embeded/bin/arm-none-eabi-gcc.exe - broken
CMake Error at C:/Program Files/JetBrains/CLion 2021.3.3/bin/cmake/win/share/cmake-3.21/Modules/CMakeTestCCompiler.cmake:69 (message):
  The C compiler

    "C:/Program Files/STMicroelectronics/STM32Cube/GNU-Tools-ARM-Embeded/bin/arm-none-eabi-gcc.exe"

  is not able to compile a simple test program.

  It fails with the following output:

    Change Dir: C:/Users/LiangGuang/Downloads/PCAP04-main/PCAP04-main/PlatformIO/PCAP04/cmake-build-debug/CMakeFiles/CMakeTmp
    
    Run Build Command(s):C:/Program Files/JetBrains/CLion 2021.3.3/bin/ninja/win/ninja.exe cmTC_101e1 && [1/2] Building C object CMakeFiles/cmTC_101e1.dir/testCCompiler.c.obj
    [2/2] Linking C executable cmTC_101e1.exe
    FAILED: cmTC_101e1.exe 
    cmd.exe /C "cd . && C:\PROGRA~1\STMICR~1\STM32C~1\GNU-TO~1\bin\AR19DD~1.EXE   CMakeFiles/cmTC_101e1.dir/testCCompiler.c.obj -o cmTC_101e1.exe -Wl,--out-implib,libcmTC_101e1.dll.a -Wl,--major-image-version,0,--minor-image-version,0   && cd ."
    c:/progra~1/stmicr~1/stm32c~1/gnu-to~1/bin/../lib/gcc/arm-none-eabi/10.3.1/../../../../arm-none-eabi/bin/ld.exe: unrecognized option '--major-image-version'
    c:/progra~1/stmicr~1/stm32c~1/gnu-to~1/bin/../lib/gcc/arm-none-eabi/10.3.1/../../../../arm-none-eabi/bin/ld.exe: use the --help option for usage information
    collect2.exe: error: ld returned 1 exit status
    ninja: build stopped: subcommand failed.
    
    

  

  CMake will not be able to correctly generate this project.
Call Stack (most recent call first):
  CMakeLists.txt:2 (project)


-- Configuring incomplete, errors occurred!
See also "C:/Users/LiangGuang/Downloads/PCAP04-main/PCAP04-main/PlatformIO/PCAP04/cmake-build-debug/CMakeFiles/CMakeOutput.log".
See also "C:/Users/LiangGuang/Downloads/PCAP04-main/PCAP04-main/PlatformIO/PCAP04/cmake-build-debug/CMakeFiles/CMakeError.log".
